<?xml version="1.0" encoding="UTF-8"?>
<testsuite xmlns:xsi="http://www.w3.org/2001/XMLSchema-instance" xsi:noNamespaceSchemaLocation="https://maven.apache.org/surefire/maven-surefire-plugin/xsd/surefire-test-report.xsd" name="wu.ac.at.demo.AppTest" time="0.06" tests="1" errors="0" skipped="0" failures="0">
  <properties>
    <property name="sun.desktop" value="windows"/>
    <property name="awt.toolkit" value="sun.awt.windows.WToolkit"/>
    <property name="java.specification.version" value="11"/>
    <property name="sun.cpu.isalist" value="amd64"/>
    <property name="sun.jnu.encoding" value="Cp1252"/>
    <property name="java.class.path" value="C:\Users\Administrator\eclipse-workspace\aclib\target\test-classes;C:\Users\Administrator\eclipse-workspace\aclib\target\classes;C:\Users\Administrator\.m2\repository\org\apache\jena\jena-tdb\4.7.0\jena-tdb-4.7.0.jar;C:\Users\Administrator\.m2\repository\org\apache\jena\jena-arq\4.7.0\jena-arq-4.7.0.jar;C:\Users\Administrator\.m2\repository\org\apache\jena\jena-core\4.7.0\jena-core-4.7.0.jar;C:\Users\Administrator\.m2\repository\org\apache\jena\jena-base\4.7.0\jena-base-4.7.0.jar;C:\Users\Administrator\.m2\repository\org\apache\jena\jena-shaded-guava\4.7.0\jena-shaded-guava-4.7.0.jar;C:\Users\Administrator\.m2\repository\org\apache\commons\commons-csv\1.9.0\commons-csv-1.9.0.jar;C:\Users\Administrator\.m2\repository\commons-codec\commons-codec\1.15\commons-codec-1.15.jar;C:\Users\Administrator\.m2\repository\org\apache\commons\commons-compress\1.22\commons-compress-1.22.jar;C:\Users\Administrator\.m2\repository\com\github\andrewoma\dexx\collection\0.7\collection-0.7.jar;C:\Users\Administrator\.m2\repository\org\apache\jena\jena-iri\4.7.0\jena-iri-4.7.0.jar;C:\Users\Administrator\.m2\repository\commons-cli\commons-cli\1.5.0\commons-cli-1.5.0.jar;C:\Users\Administrator\.m2\repository\com\github\jsonld-java\jsonld-java\0.13.4\jsonld-java-0.13.4.jar;C:\Users\Administrator\.m2\repository\com\google\code\gson\gson\2.10\gson-2.10.jar;C:\Users\Administrator\.m2\repository\org\apache\httpcomponents\httpclient-cache\4.5.13\httpclient-cache-4.5.13.jar;C:\Users\Administrator\.m2\repository\org\apache\httpcomponents\httpclient\4.5.13\httpclient-4.5.13.jar;C:\Users\Administrator\.m2\repository\org\apache\httpcomponents\httpcore\4.4.13\httpcore-4.4.13.jar;C:\Users\Administrator\.m2\repository\org\slf4j\jcl-over-slf4j\1.7.36\jcl-over-slf4j-1.7.36.jar;C:\Users\Administrator\.m2\repository\com\fasterxml\jackson\core\jackson-core\2.14.1\jackson-core-2.14.1.jar;C:\Users\Administrator\.m2\repository\com\fasterxml\jackson\core\jackson-databind\2.14.1\jackson-databind-2.14.1.jar;C:\Users\Administrator\.m2\repository\com\fasterxml\jackson\core\jackson-annotations\2.14.1\jackson-annotations-2.14.1.jar;C:\Users\Administrator\.m2\repository\com\apicatalog\titanium-json-ld\1.3.1\titanium-json-ld-1.3.1.jar;C:\Users\Administrator\.m2\repository\org\glassfish\jakarta.json\2.0.1\jakarta.json-2.0.1.jar;C:\Users\Administrator\.m2\repository\com\google\protobuf\protobuf-java\3.21.10\protobuf-java-3.21.10.jar;C:\Users\Administrator\.m2\repository\org\apache\thrift\libthrift\0.17.0\libthrift-0.17.0.jar;C:\Users\Administrator\.m2\repository\org\apache\commons\commons-lang3\3.12.0\commons-lang3-3.12.0.jar;C:\Users\Administrator\.m2\repository\org\apache\jena\jena-fuseki-main\4.7.0\jena-fuseki-main-4.7.0.jar;C:\Users\Administrator\.m2\repository\org\apache\jena\jena-fuseki-core\4.7.0\jena-fuseki-core-4.7.0.jar;C:\Users\Administrator\.m2\repository\org\apache\jena\jena-rdfpatch\4.7.0\jena-rdfpatch-4.7.0.jar;C:\Users\Administrator\.m2\repository\org\apache\jena\jena-shacl\4.7.0\jena-shacl-4.7.0.jar;C:\Users\Administrator\.m2\repository\org\apache\jena\jena-shex\4.7.0\jena-shex-4.7.0.jar;C:\Users\Administrator\.m2\repository\org\apache\jena\jena-tdb2\4.7.0\jena-tdb2-4.7.0.jar;C:\Users\Administrator\.m2\repository\org\apache\jena\jena-dboe-storage\4.7.0\jena-dboe-storage-4.7.0.jar;C:\Users\Administrator\.m2\repository\org\apache\jena\jena-dboe-trans-data\4.7.0\jena-dboe-trans-data-4.7.0.jar;C:\Users\Administrator\.m2\repository\org\apache\jena\jena-dboe-transaction\4.7.0\jena-dboe-transaction-4.7.0.jar;C:\Users\Administrator\.m2\repository\org\apache\jena\jena-dboe-base\4.7.0\jena-dboe-base-4.7.0.jar;C:\Users\Administrator\.m2\repository\org\apache\jena\jena-dboe-index\4.7.0\jena-dboe-index-4.7.0.jar;C:\Users\Administrator\.m2\repository\org\apache\jena\jena-rdfconnection\4.7.0\jena-rdfconnection-4.7.0.jar;C:\Users\Administrator\.m2\repository\commons-fileupload\commons-fileupload\1.4\commons-fileupload-1.4.jar;C:\Users\Administrator\.m2\repository\commons-io\commons-io\2.2\commons-io-2.2.jar;C:\Users\Administrator\.m2\repository\org\eclipse\jetty\jetty-servlet\10.0.12\jetty-servlet-10.0.12.jar;C:\Users\Administrator\.m2\repository\org\eclipse\jetty\jetty-security\10.0.12\jetty-security-10.0.12.jar;C:\Users\Administrator\.m2\repository\org\eclipse\jetty\jetty-server\10.0.12\jetty-server-10.0.12.jar;C:\Users\Administrator\.m2\repository\org\eclipse\jetty\toolchain\jetty-servlet-api\4.0.6\jetty-servlet-api-4.0.6.jar;C:\Users\Administrator\.m2\repository\org\eclipse\jetty\jetty-servlets\10.0.12\jetty-servlets-10.0.12.jar;C:\Users\Administrator\.m2\repository\org\eclipse\jetty\jetty-http\10.0.12\jetty-http-10.0.12.jar;C:\Users\Administrator\.m2\repository\org\eclipse\jetty\jetty-io\10.0.12\jetty-io-10.0.12.jar;C:\Users\Administrator\.m2\repository\org\slf4j\slf4j-api\1.7.36\slf4j-api-1.7.36.jar;C:\Users\Administrator\.m2\repository\io\micrometer\micrometer-core\1.10.2\micrometer-core-1.10.2.jar;C:\Users\Administrator\.m2\repository\io\micrometer\micrometer-commons\1.10.2\micrometer-commons-1.10.2.jar;C:\Users\Administrator\.m2\repository\io\micrometer\micrometer-observation\1.10.2\micrometer-observation-1.10.2.jar;C:\Users\Administrator\.m2\repository\org\hdrhistogram\HdrHistogram\2.1.12\HdrHistogram-2.1.12.jar;C:\Users\Administrator\.m2\repository\org\latencyutils\LatencyUtils\2.0.3\LatencyUtils-2.0.3.jar;C:\Users\Administrator\.m2\repository\io\micrometer\micrometer-registry-prometheus\1.10.2\micrometer-registry-prometheus-1.10.2.jar;C:\Users\Administrator\.m2\repository\io\prometheus\simpleclient_common\0.16.0\simpleclient_common-0.16.0.jar;C:\Users\Administrator\.m2\repository\io\prometheus\simpleclient\0.16.0\simpleclient-0.16.0.jar;C:\Users\Administrator\.m2\repository\io\prometheus\simpleclient_tracer_otel\0.16.0\simpleclient_tracer_otel-0.16.0.jar;C:\Users\Administrator\.m2\repository\io\prometheus\simpleclient_tracer_common\0.16.0\simpleclient_tracer_common-0.16.0.jar;C:\Users\Administrator\.m2\repository\io\prometheus\simpleclient_tracer_otel_agent\0.16.0\simpleclient_tracer_otel_agent-0.16.0.jar;C:\Users\Administrator\.m2\repository\org\apache\jena\jena-fuseki-access\4.7.0\jena-fuseki-access-4.7.0.jar;C:\Users\Administrator\.m2\repository\org\apache\jena\jena-cmds\4.7.0\jena-cmds-4.7.0.jar;C:\Users\Administrator\.m2\repository\org\eclipse\jetty\jetty-xml\10.0.12\jetty-xml-10.0.12.jar;C:\Users\Administrator\.m2\repository\org\eclipse\jetty\jetty-util\10.0.12\jetty-util-10.0.12.jar;C:\Users\Administrator\.m2\repository\junit\junit\4.13\junit-4.13.jar;C:\Users\Administrator\.m2\repository\org\hamcrest\hamcrest-core\1.3\hamcrest-core-1.3.jar;"/>
    <property name="java.vm.vendor" value="Oracle Corporation"/>
    <property name="sun.arch.data.model" value="64"/>
    <property name="user.variant" value=""/>
    <property name="java.vendor.url" value="https://openjdk.java.net/"/>
    <property name="user.timezone" value="Europe/Berlin"/>
    <property name="java.vm.specification.version" value="11"/>
    <property name="os.name" value="Windows 10"/>
    <property name="sun.java.launcher" value="SUN_STANDARD"/>
    <property name="user.country" value="GB"/>
    <property name="sun.boot.library.path" value="C:\Program Files\Java\jdk-11\bin"/>
    <property name="sun.java.command" value="C:\Users\ADMINI~1\AppData\Local\Temp\surefire16206828368740207566\surefirebooter4466983006906492732.jar C:\Users\Administrator\AppData\Local\Temp\surefire16206828368740207566 2023-11-15T16-34-15_106-jvmRun1 surefire2007436388601660691tmp surefire_014696995439288010685tmp"/>
    <property name="jdk.debug" value="release"/>
    <property name="surefire.test.class.path" value="C:\Users\Administrator\eclipse-workspace\aclib\target\test-classes;C:\Users\Administrator\eclipse-workspace\aclib\target\classes;C:\Users\Administrator\.m2\repository\org\apache\jena\jena-tdb\4.7.0\jena-tdb-4.7.0.jar;C:\Users\Administrator\.m2\repository\org\apache\jena\jena-arq\4.7.0\jena-arq-4.7.0.jar;C:\Users\Administrator\.m2\repository\org\apache\jena\jena-core\4.7.0\jena-core-4.7.0.jar;C:\Users\Administrator\.m2\repository\org\apache\jena\jena-base\4.7.0\jena-base-4.7.0.jar;C:\Users\Administrator\.m2\repository\org\apache\jena\jena-shaded-guava\4.7.0\jena-shaded-guava-4.7.0.jar;C:\Users\Administrator\.m2\repository\org\apache\commons\commons-csv\1.9.0\commons-csv-1.9.0.jar;C:\Users\Administrator\.m2\repository\commons-codec\commons-codec\1.15\commons-codec-1.15.jar;C:\Users\Administrator\.m2\repository\org\apache\commons\commons-compress\1.22\commons-compress-1.22.jar;C:\Users\Administrator\.m2\repository\com\github\andrewoma\dexx\collection\0.7\collection-0.7.jar;C:\Users\Administrator\.m2\repository\org\apache\jena\jena-iri\4.7.0\jena-iri-4.7.0.jar;C:\Users\Administrator\.m2\repository\commons-cli\commons-cli\1.5.0\commons-cli-1.5.0.jar;C:\Users\Administrator\.m2\repository\com\github\jsonld-java\jsonld-java\0.13.4\jsonld-java-0.13.4.jar;C:\Users\Administrator\.m2\repository\com\google\code\gson\gson\2.10\gson-2.10.jar;C:\Users\Administrator\.m2\repository\org\apache\httpcomponents\httpclient-cache\4.5.13\httpclient-cache-4.5.13.jar;C:\Users\Administrator\.m2\repository\org\apache\httpcomponents\httpclient\4.5.13\httpclient-4.5.13.jar;C:\Users\Administrator\.m2\repository\org\apache\httpcomponents\httpcore\4.4.13\httpcore-4.4.13.jar;C:\Users\Administrator\.m2\repository\org\slf4j\jcl-over-slf4j\1.7.36\jcl-over-slf4j-1.7.36.jar;C:\Users\Administrator\.m2\repository\com\fasterxml\jackson\core\jackson-core\2.14.1\jackson-core-2.14.1.jar;C:\Users\Administrator\.m2\repository\com\fasterxml\jackson\core\jackson-databind\2.14.1\jackson-databind-2.14.1.jar;C:\Users\Administrator\.m2\repository\com\fasterxml\jackson\core\jackson-annotations\2.14.1\jackson-annotations-2.14.1.jar;C:\Users\Administrator\.m2\repository\com\apicatalog\titanium-json-ld\1.3.1\titanium-json-ld-1.3.1.jar;C:\Users\Administrator\.m2\repository\org\glassfish\jakarta.json\2.0.1\jakarta.json-2.0.1.jar;C:\Users\Administrator\.m2\repository\com\google\protobuf\protobuf-java\3.21.10\protobuf-java-3.21.10.jar;C:\Users\Administrator\.m2\repository\org\apache\thrift\libthrift\0.17.0\libthrift-0.17.0.jar;C:\Users\Administrator\.m2\repository\org\apache\commons\commons-lang3\3.12.0\commons-lang3-3.12.0.jar;C:\Users\Administrator\.m2\repository\org\apache\jena\jena-fuseki-main\4.7.0\jena-fuseki-main-4.7.0.jar;C:\Users\Administrator\.m2\repository\org\apache\jena\jena-fuseki-core\4.7.0\jena-fuseki-core-4.7.0.jar;C:\Users\Administrator\.m2\repository\org\apache\jena\jena-rdfpatch\4.7.0\jena-rdfpatch-4.7.0.jar;C:\Users\Administrator\.m2\repository\org\apache\jena\jena-shacl\4.7.0\jena-shacl-4.7.0.jar;C:\Users\Administrator\.m2\repository\org\apache\jena\jena-shex\4.7.0\jena-shex-4.7.0.jar;C:\Users\Administrator\.m2\repository\org\apache\jena\jena-tdb2\4.7.0\jena-tdb2-4.7.0.jar;C:\Users\Administrator\.m2\repository\org\apache\jena\jena-dboe-storage\4.7.0\jena-dboe-storage-4.7.0.jar;C:\Users\Administrator\.m2\repository\org\apache\jena\jena-dboe-trans-data\4.7.0\jena-dboe-trans-data-4.7.0.jar;C:\Users\Administrator\.m2\repository\org\apache\jena\jena-dboe-transaction\4.7.0\jena-dboe-transaction-4.7.0.jar;C:\Users\Administrator\.m2\repository\org\apache\jena\jena-dboe-base\4.7.0\jena-dboe-base-4.7.0.jar;C:\Users\Administrator\.m2\repository\org\apache\jena\jena-dboe-index\4.7.0\jena-dboe-index-4.7.0.jar;C:\Users\Administrator\.m2\repository\org\apache\jena\jena-rdfconnection\4.7.0\jena-rdfconnection-4.7.0.jar;C:\Users\Administrator\.m2\repository\commons-fileupload\commons-fileupload\1.4\commons-fileupload-1.4.jar;C:\Users\Administrator\.m2\repository\commons-io\commons-io\2.2\commons-io-2.2.jar;C:\Users\Administrator\.m2\repository\org\eclipse\jetty\jetty-servlet\10.0.12\jetty-servlet-10.0.12.jar;C:\Users\Administrator\.m2\repository\org\eclipse\jetty\jetty-security\10.0.12\jetty-security-10.0.12.jar;C:\Users\Administrator\.m2\repository\org\eclipse\jetty\jetty-server\10.0.12\jetty-server-10.0.12.jar;C:\Users\Administrator\.m2\repository\org\eclipse\jetty\toolchain\jetty-servlet-api\4.0.6\jetty-servlet-api-4.0.6.jar;C:\Users\Administrator\.m2\repository\org\eclipse\jetty\jetty-servlets\10.0.12\jetty-servlets-10.0.12.jar;C:\Users\Administrator\.m2\repository\org\eclipse\jetty\jetty-http\10.0.12\jetty-http-10.0.12.jar;C:\Users\Administrator\.m2\repository\org\eclipse\jetty\jetty-io\10.0.12\jetty-io-10.0.12.jar;C:\Users\Administrator\.m2\repository\org\slf4j\slf4j-api\1.7.36\slf4j-api-1.7.36.jar;C:\Users\Administrator\.m2\repository\io\micrometer\micrometer-core\1.10.2\micrometer-core-1.10.2.jar;C:\Users\Administrator\.m2\repository\io\micrometer\micrometer-commons\1.10.2\micrometer-commons-1.10.2.jar;C:\Users\Administrator\.m2\repository\io\micrometer\micrometer-observation\1.10.2\micrometer-observation-1.10.2.jar;C:\Users\Administrator\.m2\repository\org\hdrhistogram\HdrHistogram\2.1.12\HdrHistogram-2.1.12.jar;C:\Users\Administrator\.m2\repository\org\latencyutils\LatencyUtils\2.0.3\LatencyUtils-2.0.3.jar;C:\Users\Administrator\.m2\repository\io\micrometer\micrometer-registry-prometheus\1.10.2\micrometer-registry-prometheus-1.10.2.jar;C:\Users\Administrator\.m2\repository\io\prometheus\simpleclient_common\0.16.0\simpleclient_common-0.16.0.jar;C:\Users\Administrator\.m2\repository\io\prometheus\simpleclient\0.16.0\simpleclient-0.16.0.jar;C:\Users\Administrator\.m2\repository\io\prometheus\simpleclient_tracer_otel\0.16.0\simpleclient_tracer_otel-0.16.0.jar;C:\Users\Administrator\.m2\repository\io\prometheus\simpleclient_tracer_common\0.16.0\simpleclient_tracer_common-0.16.0.jar;C:\Users\Administrator\.m2\repository\io\prometheus\simpleclient_tracer_otel_agent\0.16.0\simpleclient_tracer_otel_agent-0.16.0.jar;C:\Users\Administrator\.m2\repository\org\apache\jena\jena-fuseki-access\4.7.0\jena-fuseki-access-4.7.0.jar;C:\Users\Administrator\.m2\repository\org\apache\jena\jena-cmds\4.7.0\jena-cmds-4.7.0.jar;C:\Users\Administrator\.m2\repository\org\eclipse\jetty\jetty-xml\10.0.12\jetty-xml-10.0.12.jar;C:\Users\Administrator\.m2\repository\org\eclipse\jetty\jetty-util\10.0.12\jetty-util-10.0.12.jar;C:\Users\Administrator\.m2\repository\junit\junit\4.13\junit-4.13.jar;C:\Users\Administrator\.m2\repository\org\hamcrest\hamcrest-core\1.3\hamcrest-core-1.3.jar;"/>
    <property name="sun.cpu.endian" value="little"/>
    <property name="user.home" value="C:\Users\Administrator"/>
    <property name="user.language" value="en"/>
    <property name="java.specification.vendor" value="Oracle Corporation"/>
    <property name="java.version.date" value="2023-01-17"/>
    <property name="java.home" value="C:\Program Files\Java\jdk-11"/>
    <property name="file.separator" value="\"/>
    <property name="style.color" value="always"/>
    <property name="basedir" value="C:\Users\Administrator\eclipse-workspace\aclib"/>
    <property name="java.vm.compressedOopsMode" value="Zero based"/>
    <property name="line.separator" value="&#10;"/>
    <property name="java.specification.name" value="Java Platform API Specification"/>
    <property name="java.vm.specification.vendor" value="Oracle Corporation"/>
    <property name="java.awt.graphicsenv" value="sun.awt.Win32GraphicsEnvironment"/>
    <property name="surefire.real.class.path" value="C:\Users\ADMINI~1\AppData\Local\Temp\surefire16206828368740207566\surefirebooter4466983006906492732.jar"/>
    <property name="user.script" value=""/>
    <property name="sun.management.compiler" value="HotSpot 64-Bit Tiered Compilers"/>
    <property name="java.runtime.version" value="11.0.18+9-LTS-195"/>
    <property name="user.name" value="Administrator"/>
    <property name="path.separator" value=";"/>
    <property name="os.version" value="10.0"/>
    <property name="java.runtime.name" value="Java(TM) SE Runtime Environment"/>
    <property name="file.encoding" value="Cp1252"/>
    <property name="java.vm.name" value="Java HotSpot(TM) 64-Bit Server VM"/>
    <property name="java.vendor.version" value="18.9"/>
    <property name="localRepository" value="C:\Users\Administrator\.m2\repository"/>
    <property name="java.vendor.url.bug" value="https://bugreport.java.com/bugreport/"/>
    <property name="java.io.tmpdir" value="C:\Users\ADMINI~1\AppData\Local\Temp\"/>
    <property name="java.version" value="11.0.18"/>
    <property name="user.dir" value="C:\Users\Administrator\eclipse-workspace\aclib"/>
    <property name="os.arch" value="amd64"/>
    <property name="java.vm.specification.name" value="Java Virtual Machine Specification"/>
    <property name="java.awt.printerjob" value="sun.awt.windows.WPrinterJob"/>
    <property name="sun.os.patch.level" value=""/>
    <property name="java.library.path" value="C:\Program Files\Java\jdk-11\bin;C:\WINDOWS\Sun\Java\bin;C:\WINDOWS\system32;C:\WINDOWS;C:/Users/Administrator/.p2/pool/plugins/org.eclipse.justj.openjdk.hotspot.jre.full.win32.x86_64_17.0.6.v20230204-1729/jre/bin/server;C:/Users/Administrator/.p2/pool/plugins/org.eclipse.justj.openjdk.hotspot.jre.full.win32.x86_64_17.0.6.v20230204-1729/jre/bin;C:\Program Files\Common Files\Oracle\Java\javapath;C:\WINDOWS\system32;C:\WINDOWS;C:\WINDOWS\System32\Wbem;C:\WINDOWS\System32\WindowsPowerShell\v1.0\;C:\Program Files\PuTTY\;C:\WINDOWS\System32\OpenSSH\;C:\Program Files\Intel\WiFi\bin\;C:\Program Files\Common Files\Intel\WirelessCommon\;C:\Program Files\TortoiseSVN\bin;C:\Program Files\Java\jdk-11\bin;C:\Maven\apache-maven-3.9.1\bin;C:\Program Files\Git\cmd;C:\Program Files\nodejs\;C:\ProgramData\chocolatey\bin;C:\Program Files\swipl\bin;C:\Program Files\eye\bin;c:\Program Files (x86)\Intel\Intel(R) Management Engine Components\DAL;c:\Program Files\Intel\Intel(R) Management Engine Components\DAL;%JENA_HOME%\bat;C:\Users\Administrator\AppData\Local\Microsoft\WindowsApps;C:\Program Files\Intel\WiFi\bin\;C:\Program Files\Common Files\Intel\WirelessCommon\;C:\Users\Administrator\AppData\Roaming\npm;C:\Program Files\nodejs;;C:\Users\Administrator\Downloads;;."/>
    <property name="java.vendor" value="Oracle Corporation"/>
    <property name="java.vm.info" value="mixed mode"/>
    <property name="java.vm.version" value="11.0.18+9-LTS-195"/>
    <property name="sun.io.unicode.encoding" value="UnicodeLittle"/>
    <property name="java.class.version" value="55.0"/>
  </properties>
  <testcase name="shouldAnswerWithTrue" classname="wu.ac.at.demo.AppTest" time="0.003"/>
</testsuite>